<?xml version="1.0" encoding="UTF-8"?>
<!-- Generated by org.testng.reporters.JUnitReportReporter -->
<testsuite hostname="MyAcerSwift" failures="0" tests="1" name="testCases.TC002_LoginTest" time="0.917" errors="0" timestamp="2023-07-15T23:53:50 BST" skipped="0">
  <testcase classname="testCases.TC002_LoginTest" name="Test_Login" time="0.917"/>
</testsuite> <!-- testCases.TC002_LoginTest -->
