<?xml version="1.0" encoding="UTF-8"?>
<!-- Generated by org.testng.reporters.JUnitReportReporter -->
<testsuite hostname="MyAcerSwift" failures="0" tests="1" name="testCases.TC001_AccountRegistrationTest" time="3.459" errors="0" timestamp="2023-07-29T22:49:57 BST" skipped="0">
  <testcase classname="testCases.TC001_AccountRegistrationTest" name="test_account_Registration" time="3.459"/>
</testsuite> <!-- testCases.TC001_AccountRegistrationTest -->
