<?xml version="1.0" encoding="UTF-8"?>
<!-- Generated by org.testng.reporters.JUnitReportReporter -->
<testsuite hostname="MyAcerSwift" failures="0" tests="6" name="testCases.TC003_LoginDataDrivenTest" time="33.637" errors="0" timestamp="2023-07-29T22:49:57 BST" skipped="0">
  <testcase classname="testCases.TC003_LoginDataDrivenTest" name="test_loginDDT" time="0.657"/>
  <testcase classname="testCases.TC003_LoginDataDrivenTest" name="test_loginDDT" time="0.686"/>
  <testcase classname="testCases.TC003_LoginDataDrivenTest" name="test_loginDDT" time="0.798"/>
  <testcase classname="testCases.TC003_LoginDataDrivenTest" name="test_loginDDT" time="10.477"/>
  <testcase classname="testCases.TC003_LoginDataDrivenTest" name="test_loginDDT" time="10.524"/>
  <testcase classname="testCases.TC003_LoginDataDrivenTest" name="test_loginDDT" time="10.495"/>
</testsuite> <!-- testCases.TC003_LoginDataDrivenTest -->
