<?xml version="1.0" encoding="UTF-8"?>
<!-- Generated by org.testng.reporters.JUnitReportReporter -->
<testsuite hostname="MyAcerSwift" failures="0" tests="6" name="testCases.TC003_LoginDataDrivenTest" time="33.237" errors="0" timestamp="2023-07-31T20:36:11 BST" skipped="0">
  <testcase classname="testCases.TC003_LoginDataDrivenTest" name="test_loginDDT" time="10.447"/>
  <testcase classname="testCases.TC003_LoginDataDrivenTest" name="test_loginDDT" time="0.599"/>
  <testcase classname="testCases.TC003_LoginDataDrivenTest" name="test_loginDDT" time="10.471"/>
  <testcase classname="testCases.TC003_LoginDataDrivenTest" name="test_loginDDT" time="0.573"/>
  <testcase classname="testCases.TC003_LoginDataDrivenTest" name="test_loginDDT" time="0.721"/>
  <testcase classname="testCases.TC003_LoginDataDrivenTest" name="test_loginDDT" time="10.426"/>
</testsuite> <!-- testCases.TC003_LoginDataDrivenTest -->
