<?xml version="1.0" encoding="UTF-8"?>
<!-- Generated by org.testng.reporters.JUnitReportReporter -->
<testsuite hostname="MyAcerSwift" failures="0" tests="1" name="testCases.TC001_AccountRegistrationTest" time="3.080" errors="0" timestamp="2023-07-31T20:36:11 BST" skipped="0">
  <testcase classname="testCases.TC001_AccountRegistrationTest" name="test_account_Registration" time="3.080"/>
</testsuite> <!-- testCases.TC001_AccountRegistrationTest -->
